#
# There is insufficient memory for the Java Runtime Environment to continue.
# Native memory allocation (malloc) failed to allocate 1778576 bytes for Chunk::new
# Possible reasons:
#   The system is out of physical RAM or swap space
#   The process is running with CompressedOops enabled, and the Java Heap may be blocking the growth of the native heap
# Possible solutions:
#   Reduce memory load on the system
#   Increase physical memory or swap space
#   Check if swap backing store is full
#   Decrease Java heap size (-Xmx/-Xms)
#   Decrease number of Java threads
#   Decrease Java thread stack sizes (-Xss)
#   Set larger code cache with -XX:ReservedCodeCacheSize=
#   JVM is running with Zero Based Compressed Oops mode in which the Java heap is
#     placed in the first 32GB address space. The Java Heap base address is the
#     maximum limit for the native heap growth. Please use -XX:HeapBaseMinAddress
#     to set the Java Heap base and to place the Java Heap above 32GB virtual address.
# This output file may be truncated or incomplete.
#
#  Out of Memory Error (allocation.cpp:389), pid=13368, tid=0x0000000000001de0
#
# JRE version: Java(TM) SE Runtime Environment (8.0_211-b12) (build 1.8.0_211-b12)
# Java VM: Java HotSpot(TM) 64-Bit Server VM (25.211-b12 mixed mode windows-amd64 compressed oops)
# Failed to write core dump. Minidumps are not enabled by default on client versions of Windows
#

---------------  T H R E A D  ---------------

Current thread (0x000000001e08b800):  JavaThread "C2 CompilerThread1" daemon [_thread_in_native, id=7648, stack(0x000000001ebb0000,0x000000001ecb0000)]

Stack: [0x000000001ebb0000,0x000000001ecb0000]
[error occurred during error reporting (printing stack bounds), id 0xc0000005]

Native frames: (J=compiled Java code, j=interpreted, Vv=VM code, C=native code)


Current CompileTask:
C2:  10196 3754 %     4       org.jacoco.agent.rt.internal_035b120.asm.ClassReader::readCode @ 2015 (5089 bytes)


---------------  P R O C E S S  ---------------

Java Threads: ( => current thread )
  0x000000001f1f0800 JavaThread "surefire-forkedjvm-ping-30s" daemon [_thread_in_native, id=5480, stack(0x0000000020080000,0x0000000020180000)]
  0x000000001e31f800 JavaThread "surefire-forkedjvm-command-thread" daemon [_thread_in_native, id=1492, stack(0x000000001efb0000,0x000000001f0b0000)]
  0x000000001e039000 JavaThread "Service Thread" daemon [_thread_blocked, id=2376, stack(0x000000001edb0000,0x000000001eeb0000)]
  0x000000001e08c800 JavaThread "C1 CompilerThread2" daemon [_thread_blocked, id=6348, stack(0x000000001ecb0000,0x000000001edb0000)]
=>0x000000001e08b800 JavaThread "C2 CompilerThread1" daemon [_thread_in_native, id=7648, stack(0x000000001ebb0000,0x000000001ecb0000)]
  0x000000001e01e000 JavaThread "C2 CompilerThread0" daemon [_thread_in_native, id=13848, stack(0x000000001eab0000,0x000000001ebb0000)]
  0x000000001c512000 JavaThread "Attach Listener" daemon [_thread_blocked, id=6140, stack(0x000000001da70000,0x000000001db70000)]
  0x000000001c50c800 JavaThread "Signal Dispatcher" daemon [_thread_blocked, id=12640, stack(0x000000001d970000,0x000000001da70000)]
  0x0000000002efb800 JavaThread "Finalizer" daemon [_thread_blocked, id=11984, stack(0x000000001d780000,0x000000001d880000)]
  0x000000001c4fa000 JavaThread "Reference Handler" daemon [_thread_blocked, id=9200, stack(0x000000001d680000,0x000000001d780000)]
  0x0000000002e02800 JavaThread "main" [_thread_in_Java, id=9048, stack(0x0000000002b40000,0x0000000002c40000)]

Other Threads:
  0x000000001c4d8000 VMThread [stack: 0x000000001d580000,0x000000001d680000] [id=1480]
  0x000000001e03a000 WatcherThread [stack: 0x000000001eeb0000,0x000000001efb0000] [id=13500]

VM state:not at safepoint (normal execution)

VM Mutex/Monitor currently owned by a thread: None

heap address: 0x00000006c1400000, size: 4076 MB, Compressed Oops mode: Zero based, Oop shift amount: 3
Narrow klass base: 0x0000000000000000, Narrow klass shift: 3
Compressed class space size: 1073741824 Address: 0x00000007c0000000

Heap:
 PSYoungGen      total 114176K, used 96160K [0x000000076b180000, 0x0000000774c00000, 0x00000007c0000000)
  eden space 106496K, 83% used [0x000000076b180000,0x000000077083e638,0x0000000771980000)
  from space 7680K, 95% used [0x0000000771980000,0x00000007720a9d38,0x0000000772100000)
  to   space 8192K, 0% used [0x0000000774400000,0x0000000774400000,0x0000000774c00000)
 ParOldGen       total 98304K, used 6865K [0x00000006c1400000, 0x00000006c7400000, 0x000000076b180000)
  object space 98304K, 6% used [0x00000006c1400000,0x00000006c1ab4440,0x00000006c7400000)
 Metaspace       used 34298K, capacity 35404K, committed 35456K, reserved 1081344K
  class space    used 3990K, capacity 4222K, committed 4224K, reserved 1048576K

Card table byte_map: [0x00000000122c0000,0x0000000012ac0000] byte_map_base: 0x000000000ecb6000

Marking Bits: (ParMarkBitMap*) 0x0000000065ca5ce0
 Begin Bits: [0x0000000013410000, 0x00000000173c0000)
 End Bits:   [0x00000000173c0000, 0x000000001b370000)

Polling page: 0x0000000000c50000

CodeCache: size=245760Kb used=13964Kb max_used=13976Kb free=231795Kb
 bounds [0x0000000002f00000, 0x0000000003cc0000, 0x0000000011f00000]
 total_blobs=3908 nmethods=3486 adapters=334
 compilation: enabled

Compilation events (10 events):
Event: 10.181 Thread 0x000000001e08c800 3918       3       java.beans.Introspector::addMethod (196 bytes)
Event: 10.183 Thread 0x000000001e08c800 nmethod 3918 0x0000000003ca2f10 code [0x0000000003ca3140, 0x0000000003ca3e28]
Event: 10.183 Thread 0x000000001e08c800 3919       3       com.sun.beans.TypeResolver::getActualType (24 bytes)
Event: 10.184 Thread 0x000000001e08c800 nmethod 3919 0x0000000003ca8f50 code [0x0000000003ca9100, 0x0000000003ca96d8]
Event: 10.184 Thread 0x000000001e08c800 3920       3       com.sun.beans.TypeResolver::resolve (37 bytes)
Event: 10.185 Thread 0x000000001e08c800 nmethod 3920 0x0000000003ca9910 code [0x0000000003ca9aa0, 0x0000000003ca9ec8]
Event: 10.188 Thread 0x000000001e08c800 3921  s!   3       java.beans.PropertyDescriptor::getWriteMethod (165 bytes)
Event: 10.191 Thread 0x000000001e08c800 nmethod 3921 0x0000000003caa090 code [0x0000000003caa3c0, 0x0000000003cac318]
Event: 10.192 Thread 0x000000001e01e000 3922       4       java.lang.reflect.Method::copy (84 bytes)
Event: 10.193 Thread 0x000000001e08c800 3924       3       org.springframework.core.ResolvableType::getSuperType (95 bytes)

GC Heap History (10 events):
Event: 5.288 GC heap before
{Heap before GC invocations=6 (full 1):
 PSYoungGen      total 76288K, used 6443K [0x000000076b180000, 0x0000000770680000, 0x00000007c0000000)
  eden space 65536K, 0% used [0x000000076b180000,0x000000076b180000,0x000000076f180000)
  from space 10752K, 59% used [0x000000076f180000,0x000000076f7cadc8,0x000000076fc00000)
  to   space 10752K, 0% used [0x000000076fc00000,0x000000076fc00000,0x0000000770680000)
 ParOldGen       total 175104K, used 48K [0x00000006c1400000, 0x00000006cbf00000, 0x000000076b180000)
  object space 175104K, 0% used [0x00000006c1400000,0x00000006c140c000,0x00000006cbf00000)
 Metaspace       used 20606K, capacity 21108K, committed 21296K, reserved 1069056K
  class space    used 2465K, capacity 2608K, committed 2688K, reserved 1048576K
Event: 5.366 GC heap after
Heap after GC invocations=6 (full 1):
 PSYoungGen      total 76288K, used 0K [0x000000076b180000, 0x0000000770680000, 0x00000007c0000000)
  eden space 65536K, 0% used [0x000000076b180000,0x000000076b180000,0x000000076f180000)
  from space 10752K, 0% used [0x000000076f180000,0x000000076f180000,0x000000076fc00000)
  to   space 10752K, 0% used [0x000000076fc00000,0x000000076fc00000,0x0000000770680000)
 ParOldGen       total 98304K, used 6255K [0x00000006c1400000, 0x00000006c7400000, 0x000000076b180000)
  object space 98304K, 6% used [0x00000006c1400000,0x00000006c1a1bd10,0x00000006c7400000)
 Metaspace       used 20606K, capacity 21108K, committed 21296K, reserved 1069056K
  class space    used 2465K, capacity 2608K, committed 2688K, reserved 1048576K
}
Event: 5.968 GC heap before
{Heap before GC invocations=7 (full 1):
 PSYoungGen      total 76288K, used 65536K [0x000000076b180000, 0x0000000770680000, 0x00000007c0000000)
  eden space 65536K, 100% used [0x000000076b180000,0x000000076f180000,0x000000076f180000)
  from space 10752K, 0% used [0x000000076f180000,0x000000076f180000,0x000000076fc00000)
  to   space 10752K, 0% used [0x000000076fc00000,0x000000076fc00000,0x0000000770680000)
 ParOldGen       total 98304K, used 6255K [0x00000006c1400000, 0x00000006c7400000, 0x000000076b180000)
  object space 98304K, 6% used [0x00000006c1400000,0x00000006c1a1bd10,0x00000006c7400000)
 Metaspace       used 22586K, capacity 23152K, committed 23344K, reserved 1069056K
  class space    used 2684K, capacity 2834K, committed 2944K, reserved 1048576K
Event: 5.975 GC heap after
Heap after GC invocations=7 (full 1):
 PSYoungGen      total 79360K, used 2650K [0x000000076b180000, 0x0000000772500000, 0x00000007c0000000)
  eden space 68608K, 0% used [0x000000076b180000,0x000000076b180000,0x000000076f480000)
  from space 10752K, 24% used [0x000000076fc00000,0x000000076fe968f0,0x0000000770680000)
  to   space 7680K, 0% used [0x000000076f480000,0x000000076f480000,0x000000076fc00000)
 ParOldGen       total 98304K, used 6255K [0x00000006c1400000, 0x00000006c7400000, 0x000000076b180000)
  object space 98304K, 6% used [0x00000006c1400000,0x00000006c1a1bd10,0x00000006c7400000)
 Metaspace       used 22586K, capacity 23152K, committed 23344K, reserved 1069056K
  class space    used 2684K, capacity 2834K, committed 2944K, reserved 1048576K
}
Event: 6.525 GC heap before
{Heap before GC invocations=8 (full 1):
 PSYoungGen      total 79360K, used 71258K [0x000000076b180000, 0x0000000772500000, 0x00000007c0000000)
  eden space 68608K, 100% used [0x000000076b180000,0x000000076f480000,0x000000076f480000)
  from space 10752K, 24% used [0x000000076fc00000,0x000000076fe968f0,0x0000000770680000)
  to   space 7680K, 0% used [0x000000076f480000,0x000000076f480000,0x000000076fc00000)
 ParOldGen       total 98304K, used 6255K [0x00000006c1400000, 0x00000006c7400000, 0x000000076b180000)
  object space 98304K, 6% used [0x00000006c1400000,0x00000006c1a1bd10,0x00000006c7400000)
 Metaspace       used 24759K, capacity 25384K, committed 25600K, reserved 1071104K
  class space    used 2858K, capacity 3012K, committed 3072K, reserved 1048576K
Event: 6.535 GC heap after
Heap after GC invocations=8 (full 1):
 PSYoungGen      total 76288K, used 3374K [0x000000076b180000, 0x0000000772980000, 0x00000007c0000000)
  eden space 68608K, 0% used [0x000000076b180000,0x000000076b180000,0x000000076f480000)
  from space 7680K, 43% used [0x000000076f480000,0x000000076f7cbad8,0x000000076fc00000)
  to   space 7680K, 0% used [0x0000000772200000,0x0000000772200000,0x0000000772980000)
 ParOldGen       total 98304K, used 6263K [0x00000006c1400000, 0x00000006c7400000, 0x000000076b180000)
  object space 98304K, 6% used [0x00000006c1400000,0x00000006c1a1dd10,0x00000006c7400000)
 Metaspace       used 24759K, capacity 25384K, committed 25600K, reserved 1071104K
  class space    used 2858K, capacity 3012K, committed 3072K, reserved 1048576K
}
Event: 7.002 GC heap before
{Heap before GC invocations=9 (full 1):
 PSYoungGen      total 76288K, used 71975K [0x000000076b180000, 0x0000000772980000, 0x00000007c0000000)
  eden space 68608K, 99% used [0x000000076b180000,0x000000076f47e450,0x000000076f480000)
  from space 7680K, 43% used [0x000000076f480000,0x000000076f7cbad8,0x000000076fc00000)
  to   space 7680K, 0% used [0x0000000772200000,0x0000000772200000,0x0000000772980000)
 ParOldGen       total 98304K, used 6263K [0x00000006c1400000, 0x00000006c7400000, 0x000000076b180000)
  object space 98304K, 6% used [0x00000006c1400000,0x00000006c1a1dd10,0x00000006c7400000)
 Metaspace       used 26075K, capacity 26730K, committed 27008K, reserved 1073152K
  class space    used 3004K, capacity 3179K, committed 3200K, reserved 1048576K
Event: 7.009 GC heap after
Heap after GC invocations=9 (full 1):
 PSYoungGen      total 113152K, used 3684K [0x000000076b180000, 0x0000000772880000, 0x00000007c0000000)
  eden space 106496K, 0% used [0x000000076b180000,0x000000076b180000,0x0000000771980000)
  from space 6656K, 55% used [0x0000000772200000,0x0000000772599360,0x0000000772880000)
  to   space 7680K, 0% used [0x0000000771980000,0x0000000771980000,0x0000000772100000)
 ParOldGen       total 98304K, used 6271K [0x00000006c1400000, 0x00000006c7400000, 0x000000076b180000)
  object space 98304K, 6% used [0x00000006c1400000,0x00000006c1a1fd10,0x00000006c7400000)
 Metaspace       used 26075K, capacity 26730K, committed 27008K, reserved 1073152K
  class space    used 3004K, capacity 3179K, committed 3200K, reserved 1048576K
}
Event: 8.307 GC heap before
{Heap before GC invocations=10 (full 1):
 PSYoungGen      total 113152K, used 110180K [0x000000076b180000, 0x0000000772880000, 0x00000007c0000000)
  eden space 106496K, 100% used [0x000000076b180000,0x0000000771980000,0x0000000771980000)
  from space 6656K, 55% used [0x0000000772200000,0x0000000772599360,0x0000000772880000)
  to   space 7680K, 0% used [0x0000000771980000,0x0000000771980000,0x0000000772100000)
 ParOldGen       total 98304K, used 6271K [0x00000006c1400000, 0x00000006c7400000, 0x000000076b180000)
  object space 98304K, 6% used [0x00000006c1400000,0x00000006c1a1fd10,0x00000006c7400000)
 Metaspace       used 31097K, capacity 31932K, committed 32000K, reserved 1077248K
  class space    used 3621K, capacity 3826K, committed 3840K, reserved 1048576K
Event: 8.330 GC heap after
Heap after GC invocations=10 (full 1):
 PSYoungGen      total 114176K, used 7335K [0x000000076b180000, 0x0000000774c00000, 0x00000007c0000000)
  eden space 106496K, 0% used [0x000000076b180000,0x000000076b180000,0x0000000771980000)
  from space 7680K, 95% used [0x0000000771980000,0x00000007720a9d38,0x0000000772100000)
  to   space 8192K, 0% used [0x0000000774400000,0x0000000774400000,0x0000000774c00000)
 ParOldGen       total 98304K, used 6865K [0x00000006c1400000, 0x00000006c7400000, 0x000000076b180000)
  object space 98304K, 6% used [0x00000006c1400000,0x00000006c1ab4440,0x00000006c7400000)
 Metaspace       used 31097K, capacity 31932K, committed 32000K, reserved 1077248K
  class space    used 3621K, capacity 3826K, committed 3840K, reserved 1048576K
}

Deoptimization events (10 events):
Event: 9.230 Thread 0x0000000002e02800 Uncommon trap: reason=bimorphic action=maybe_recompile pc=0x000000000346662c method=org.jacoco.agent.rt.internal_035b120.asm.tree.FrameNode.accept(Lorg/jacoco/agent/rt/internal_035b120/asm/MethodVisitor;)V @ 81
Event: 9.269 Thread 0x0000000002e02800 Uncommon trap: reason=unstable_if action=reinterpret pc=0x0000000003400064 method=org.jacoco.agent.rt.internal_035b120.core.internal.instr.ProbeInserter.visitFrame(II[Ljava/lang/Object;I[Ljava/lang/Object;)V @ 82
Event: 9.270 Thread 0x0000000002e02800 Uncommon trap: reason=unstable_if action=reinterpret pc=0x0000000003516c18 method=org.jacoco.agent.rt.internal_035b120.asm.Attribute.computeAttributesSize(Lorg/jacoco/agent/rt/internal_035b120/asm/SymbolTable;II)I @ 16
Event: 9.270 Thread 0x0000000002e02800 Uncommon trap: reason=unstable_if action=reinterpret pc=0x0000000003a3d5cc method=org.jacoco.agent.rt.internal_035b120.asm.FieldWriter.putFieldInfo(Lorg/jacoco/agent/rt/internal_035b120/asm/ByteVector;)V @ 9
Event: 9.270 Thread 0x0000000002e02800 Uncommon trap: reason=unstable_if action=reinterpret pc=0x000000000352b860 method=org.jacoco.agent.rt.internal_035b120.asm.Attribute.putAttributes(Lorg/jacoco/agent/rt/internal_035b120/asm/SymbolTable;IILorg/jacoco/agent/rt/internal_035b120/asm/ByteVector
Event: 9.456 Thread 0x0000000002e02800 Uncommon trap: reason=unstable_if action=reinterpret pc=0x000000000350421c method=java.util.LinkedList.node(I)Ljava/util/LinkedList$Node; @ 49
Event: 10.005 Thread 0x0000000002e02800 Uncommon trap: reason=class_check action=maybe_recompile pc=0x0000000003c589e8 method=org.springframework.beans.factory.support.AbstractAutowireCapableBeanFactory.predictBeanType(Ljava/lang/String;Lorg/springframework/beans/factory/support/RootBeanDefinit
Event: 10.005 Thread 0x0000000002e02800 Uncommon trap: reason=class_check action=maybe_recompile pc=0x0000000003c589e8 method=org.springframework.beans.factory.support.AbstractAutowireCapableBeanFactory.predictBeanType(Ljava/lang/String;Lorg/springframework/beans/factory/support/RootBeanDefinit
Event: 10.005 Thread 0x0000000002e02800 Uncommon trap: reason=class_check action=maybe_recompile pc=0x0000000003c589e8 method=org.springframework.beans.factory.support.AbstractAutowireCapableBeanFactory.predictBeanType(Ljava/lang/String;Lorg/springframework/beans/factory/support/RootBeanDefinit
Event: 10.005 Thread 0x0000000002e02800 Uncommon trap: reason=class_check action=maybe_recompile pc=0x0000000003c589e8 method=org.springframework.beans.factory.support.AbstractAutowireCapableBeanFactory.predictBeanType(Ljava/lang/String;Lorg/springframework/beans/factory/support/RootBeanDefinit

Classes redefined (0 events):
No events

Internal exceptions (10 events):
Event: 10.131 Thread 0x0000000002e02800 Exception <a 'java/lang/ClassNotFoundException': org/springframework/aop/framework/AopInfrastructureBeanCustomizer> (0x00000007704a1d38) thrown at [C:\re\workspace\8-2-build-windows-amd64-cygwin\jdk8u211\12973\hotspot\src\share\vm\classfile\systemDictiona
Event: 10.132 Thread 0x0000000002e02800 Implicit null exception at 0x0000000003229608 to 0x0000000003229e1e
Event: 10.132 Thread 0x0000000002e02800 Exception <a 'java/lang/NullPointerException'> (0x00000007704aa898) thrown at [C:\re\workspace\8-2-build-windows-amd64-cygwin\jdk8u211\12973\hotspot\src\share\vm\runtime\sharedRuntime.cpp, line 605]
Event: 10.175 Thread 0x0000000002e02800 Exception <a 'java/lang/ClassNotFoundException': java/lang/ObjectCustomizer> (0x0000000770670a60) thrown at [C:\re\workspace\8-2-build-windows-amd64-cygwin\jdk8u211\12973\hotspot\src\share\vm\classfile\systemDictionary.cpp, line 210]
Event: 10.176 Thread 0x0000000002e02800 Exception <a 'java/lang/ClassNotFoundException': org/springframework/aop/framework/ProxyConfigCustomizer> (0x000000077068d280) thrown at [C:\re\workspace\8-2-build-windows-amd64-cygwin\jdk8u211\12973\hotspot\src\share\vm\classfile\systemDictionary.cpp, li
Event: 10.179 Thread 0x0000000002e02800 Exception <a 'java/lang/ClassNotFoundException': org/springframework/aop/framework/ProxyProcessorSupportCustomizer> (0x00000007706b5350) thrown at [C:\re\workspace\8-2-build-windows-amd64-cygwin\jdk8u211\12973\hotspot\src\share\vm\classfile\systemDictiona
Event: 10.181 Thread 0x0000000002e02800 Exception <a 'java/lang/ClassNotFoundException': org/springframework/aop/framework/autoproxy/AbstractAutoProxyCreatorCustomizer> (0x00000007706da960) thrown at [C:\re\workspace\8-2-build-windows-amd64-cygwin\jdk8u211\12973\hotspot\src\share\vm\classfile\s
Event: 10.187 Thread 0x0000000002e02800 Exception <a 'java/lang/ClassNotFoundException': org/springframework/aop/framework/autoproxy/AbstractAdvisorAutoProxyCreatorCustomizer> (0x0000000770714208) thrown at [C:\re\workspace\8-2-build-windows-amd64-cygwin\jdk8u211\12973\hotspot\src\share\vm\clas
Event: 10.188 Thread 0x0000000002e02800 Exception <a 'java/lang/ClassNotFoundException': org/springframework/aop/aspectj/autoproxy/AspectJAwareAdvisorAutoProxyCreatorCustomizer> (0x000000077073c160) thrown at [C:\re\workspace\8-2-build-windows-amd64-cygwin\jdk8u211\12973\hotspot\src\share\vm\cl
Event: 10.191 Thread 0x0000000002e02800 Exception <a 'java/lang/ClassNotFoundException': org/springframework/aop/aspectj/annotation/AnnotationAwareAspectJAutoProxyCreatorCustomizer> (0x0000000770763890) thrown at [C:\re\workspace\8-2-build-windows-amd64-cygwin\jdk8u211\12973\hotspot\src\share\v

Events (10 events):
Event: 10.188 loading class org/springframework/aop/aspectj/autoproxy/AspectJAwareAdvisorAutoProxyCreatorCustomizer
Event: 10.188 loading class org/springframework/aop/aspectj/autoproxy/AspectJAwareAdvisorAutoProxyCreatorCustomizer done
Event: 10.188 loading class org/springframework/aop/aspectj/autoproxy/AspectJAwareAdvisorAutoProxyCreatorCustomizer
Event: 10.188 loading class org/springframework/aop/aspectj/autoproxy/AspectJAwareAdvisorAutoProxyCreatorCustomizer done
Event: 10.189 loading class org/springframework/aop/aspectj/annotation/AnnotationAwareAspectJAutoProxyCreatorCustomizer
Event: 10.189 loading class org/springframework/aop/aspectj/annotation/AnnotationAwareAspectJAutoProxyCreatorCustomizer done
Event: 10.191 loading class org/springframework/aop/aspectj/annotation/AnnotationAwareAspectJAutoProxyCreatorCustomizer
Event: 10.191 loading class org/springframework/aop/aspectj/annotation/AnnotationAwareAspectJAutoProxyCreatorCustomizer done
Event: 10.191 loading class org/springframework/aop/aspectj/annotation/AnnotationAwareAspectJAutoProxyCreatorCustomizer
Event: 10.191 loading class org/springframework/aop/aspectj/annotation/AnnotationAwareAspectJAutoProxyCreatorCustomizer done


Dynamic libraries:
0x00007ff6de200000 - 0x00007ff6de237000 	C:\Program Files\Java\jdk1.8.0_211\jre\bin\java.exe
0x00007ff80c560000 - 0x00007ff80c741000 	C:\WINDOWS\SYSTEM32\ntdll.dll
0x00007ff80b770000 - 0x00007ff80b821000 	C:\WINDOWS\System32\KERNEL32.DLL
0x00007ff808bf0000 - 0x00007ff808e63000 	C:\WINDOWS\System32\KERNELBASE.dll
0x00007ff8099f0000 - 0x00007ff809a91000 	C:\WINDOWS\System32\ADVAPI32.dll
0x00007ff80c100000 - 0x00007ff80c19e000 	C:\WINDOWS\System32\msvcrt.dll
0x00007ff809e60000 - 0x00007ff809ebb000 	C:\WINDOWS\System32\sechost.dll
0x00007ff809ec0000 - 0x00007ff809fe4000 	C:\WINDOWS\System32\RPCRT4.dll
0x00007ff809ad0000 - 0x00007ff809c60000 	C:\WINDOWS\System32\USER32.dll
0x00007ff808b20000 - 0x00007ff808b40000 	C:\WINDOWS\System32\win32u.dll
0x00007ff80c1a0000 - 0x00007ff80c1c8000 	C:\WINDOWS\System32\GDI32.dll
0x00007ff808930000 - 0x00007ff808ac1000 	C:\WINDOWS\System32\gdi32full.dll
0x00007ff809770000 - 0x00007ff80980f000 	C:\WINDOWS\System32\msvcp_win.dll
0x00007ff809810000 - 0x00007ff809908000 	C:\WINDOWS\System32\ucrtbase.dll
0x00007ffff6f90000 - 0x00007ffff71f9000 	C:\WINDOWS\WinSxS\amd64_microsoft.windows.common-controls_6595b64144ccf1df_6.0.17134.829_none_fb46a5473061b9d5\COMCTL32.dll
0x00007ff80b830000 - 0x00007ff80bb52000 	C:\WINDOWS\System32\combase.dll
0x00007ff809910000 - 0x00007ff80998a000 	C:\WINDOWS\System32\bcryptPrimitives.dll
0x00007ff80c470000 - 0x00007ff80c49d000 	C:\WINDOWS\System32\IMM32.DLL
0x0000000065d30000 - 0x0000000065e02000 	C:\Program Files\Java\jdk1.8.0_211\jre\bin\msvcr100.dll
0x0000000065480000 - 0x0000000065d25000 	C:\Program Files\Java\jdk1.8.0_211\jre\bin\server\jvm.dll
0x00007ff80c520000 - 0x00007ff80c528000 	C:\WINDOWS\System32\PSAPI.DLL
0x00007fffb1ba0000 - 0x00007fffb1ba9000 	C:\WINDOWS\SYSTEM32\WSOCK32.dll
0x00007ff8056d0000 - 0x00007ff8056f3000 	C:\WINDOWS\SYSTEM32\WINMM.dll
0x00007ff809ff0000 - 0x00007ff80a05c000 	C:\WINDOWS\System32\WS2_32.dll
0x00007ffff7570000 - 0x00007ffff757a000 	C:\WINDOWS\SYSTEM32\VERSION.dll
0x00007ff8056a0000 - 0x00007ff8056ca000 	C:\WINDOWS\SYSTEM32\WINMMBASE.dll
0x00007ff808ad0000 - 0x00007ff808b19000 	C:\WINDOWS\System32\cfgmgr32.dll
0x00007ff805670000 - 0x00007ff80567f000 	C:\Program Files\Java\jdk1.8.0_211\jre\bin\verify.dll
0x00007ff805640000 - 0x00007ff805669000 	C:\Program Files\Java\jdk1.8.0_211\jre\bin\java.dll
0x00007ffffdec0000 - 0x00007ffffdee3000 	C:\Program Files\Java\jdk1.8.0_211\jre\bin\instrument.dll
0x00007ff805620000 - 0x00007ff805636000 	C:\Program Files\Java\jdk1.8.0_211\jre\bin\zip.dll
0x00007ff80a060000 - 0x00007ff80b4a0000 	C:\WINDOWS\System32\SHELL32.dll
0x00007ff80c050000 - 0x00007ff80c0f9000 	C:\WINDOWS\System32\shcore.dll
0x00007ff809060000 - 0x00007ff80976d000 	C:\WINDOWS\System32\windows.storage.dll
0x00007ff80c410000 - 0x00007ff80c461000 	C:\WINDOWS\System32\shlwapi.dll
0x00007ff8088d0000 - 0x00007ff8088e1000 	C:\WINDOWS\System32\kernel.appcore.dll
0x00007ff8088f0000 - 0x00007ff80890f000 	C:\WINDOWS\System32\profapi.dll
0x00007ff808880000 - 0x00007ff8088cc000 	C:\WINDOWS\System32\powrprof.dll
0x00007ff808870000 - 0x00007ff80887a000 	C:\WINDOWS\System32\FLTLIB.DLL
0x00007ff8055e0000 - 0x00007ff8055fa000 	C:\Program Files\Java\jdk1.8.0_211\jre\bin\net.dll
0x00007ffffd4a0000 - 0x00007ffffd669000 	C:\WINDOWS\SYSTEM32\urlmon.dll
0x00007ffffc930000 - 0x00007ffffcbd6000 	C:\WINDOWS\SYSTEM32\iertutil.dll
0x00007ff808200000 - 0x00007ff80820b000 	C:\WINDOWS\SYSTEM32\CRYPTBASE.DLL
0x00007ff8080a0000 - 0x00007ff808106000 	C:\WINDOWS\system32\mswsock.dll
0x00007fffb1650000 - 0x00007fffb1666000 	C:\WINDOWS\system32\napinsp.dll
0x00007fffb1630000 - 0x00007fffb164a000 	C:\WINDOWS\system32\pnrpnsp.dll
0x00007ff805400000 - 0x00007ff805419000 	C:\WINDOWS\system32\NLAapi.dll
0x00007ff807e80000 - 0x00007ff807f3e000 	C:\WINDOWS\SYSTEM32\DNSAPI.dll
0x00007ff809ac0000 - 0x00007ff809ac8000 	C:\WINDOWS\System32\NSI.dll
0x00007ff807e40000 - 0x00007ff807e78000 	C:\WINDOWS\SYSTEM32\IPHLPAPI.DLL
0x00007fffb1620000 - 0x00007fffb162e000 	C:\WINDOWS\System32\winrnr.dll
0x00007ff8039a0000 - 0x00007ff8039b5000 	C:\WINDOWS\System32\wshbth.dll
0x00007ff8001e0000 - 0x00007ff8001ea000 	C:\Windows\System32\rasadhlp.dll
0x00007ff8001f0000 - 0x00007ff800262000 	C:\WINDOWS\System32\fwpuclnt.dll
0x00007ff8083d0000 - 0x00007ff8083f5000 	C:\WINDOWS\SYSTEM32\bcrypt.dll
0x00007ff8055c0000 - 0x00007ff8055d2000 	C:\Program Files\Java\jdk1.8.0_211\jre\bin\nio.dll
0x00007ff805560000 - 0x00007ff80556d000 	C:\Program Files\Java\jdk1.8.0_211\jre\bin\management.dll

VM Arguments:
jvm_args: -javaagent:C:\\Users\\jeans\\.m2\\repository\\org\\jacoco\\org.jacoco.agent\\0.8.4\\org.jacoco.agent-0.8.4-runtime.jar=destfile=D:\\Desktop\\demo-maven\\target\\jacoco.exec 
java_command: C:\Users\jeans\AppData\Local\Temp\surefire2553410563970359516\surefirebooter1702602747627574648.jar C:\Users\jeans\AppData\Local\Temp\surefire2553410563970359516 2019-06-14T01-45-58_948-jvmRun1 surefire5540051983277764162tmp surefire_06597474752151792876tmp
java_class_path (initial): C:\Users\jeans\AppData\Local\Temp\surefire2553410563970359516\surefirebooter1702602747627574648.jar;C:\\Users\\jeans\\.m2\\repository\\org\\jacoco\\org.jacoco.agent\\0.8.4\\org.jacoco.agent-0.8.4-runtime.jar
Launcher Type: SUN_STANDARD

Environment Variables:
JAVA_HOME=C:\Program Files\Java\jdk1.8.0_211
PATH=C:\ProgramData\DockerDesktop\version-bin;C:\Program Files\Docker\Docker\Resources\bin;C:\Program Files (x86)\Common Files\Oracle\Java\javapath;C:\WINDOWS\system32;C:\WINDOWS;C:\WINDOWS\System32\Wbem;C:\WINDOWS\System32\WindowsPowerShell\v1.0\;C:\Program Files\Git\cmd;C:\Program Files\MongoDB\Server\3.6\bin;C:\WINDOWS\System32\OpenSSH\;C:\PostgreSQL\pg10\bin;C:\Program Files\dotnet\;C:\Program Files\apache-maven-3.6.0\bin;C:\Program Files\Microsoft SQL Server\Client SDK\ODBC\170\Tools\Binn\;C:\Program Files\Microsoft SQL Server\130\Tools\Binn\;%JAVA_HOME\BIN%;C:\Users\jeans\AppData\Local\Programs\Python\Python37-32\Scripts\;C:\Users\jeans\AppData\Local\Programs\Python\Python37-32\;C:\Users\jeans\AppData\Local\Microsoft\WindowsApps;;C:\Program Files\Microsoft VS Code\bin;C:\Users\jeans\AppData\Local\Programs\Microsoft VS Code\bin;C:\Users\jeans\.dotnet\tools
USERNAME=jeans
OS=Windows_NT
PROCESSOR_IDENTIFIER=Intel64 Family 6 Model 61 Stepping 4, GenuineIntel



---------------  S Y S T E M  ---------------

OS: Windows 10.0 , 64 bit Build 17134 (10.0.17134.753)

CPU:total 4 (initial active 4) (2 cores per cpu, 2 threads per core) family 6 model 61 stepping 4, cmov, cx8, fxsr, mmx, sse, sse2, sse3, ssse3, sse4.1, sse4.2, popcnt, avx, avx2, aes, clmul, erms, 3dnowpref, lzcnt, ht, tsc, tscinvbit, bmi1, bmi2, adx

Memory: 4k page, physical 16689624k(1289912k free), swap 16689624k(5700k free)

vm_info: Java HotSpot(TM) 64-Bit Server VM (25.211-b12) for windows-amd64 JRE (1.8.0_211-b12), built on Apr  1 2019 20:53:26 by "java_re" with MS VC++ 10.0 (VS2010)

time: Fri Jun 14 01:46:10 2019
timezone: E. South America Standard Time
elapsed time: 10 seconds (0d 0h 0m 10s)

