#
# There is insufficient memory for the Java Runtime Environment to continue.
# Native memory allocation (malloc) failed to allocate 1048576 bytes for AllocateHeap
# Possible reasons:
#   The system is out of physical RAM or swap space
#   The process is running with CompressedOops enabled, and the Java Heap may be blocking the growth of the native heap
# Possible solutions:
#   Reduce memory load on the system
#   Increase physical memory or swap space
#   Check if swap backing store is full
#   Decrease Java heap size (-Xmx/-Xms)
#   Decrease number of Java threads
#   Decrease Java thread stack sizes (-Xss)
#   Set larger code cache with -XX:ReservedCodeCacheSize=
#   JVM is running with Zero Based Compressed Oops mode in which the Java heap is
#     placed in the first 32GB address space. The Java Heap base address is the
#     maximum limit for the native heap growth. Please use -XX:HeapBaseMinAddress
#     to set the Java Heap base and to place the Java Heap above 32GB virtual address.
# This output file may be truncated or incomplete.
#
#  Out of Memory Error (memory/allocation.inline.hpp:61), pid=14052, tid=0x0000000000001480
#
# JRE version:  (8.0_211-b12) (build )
# Java VM: Java HotSpot(TM) 64-Bit Server VM (25.211-b12 mixed mode windows-amd64 compressed oops)
# Failed to write core dump. Minidumps are not enabled by default on client versions of Windows
#

---------------  T H R E A D  ---------------

Current thread (0x0000000002942800):  JavaThread "Unknown thread" [_thread_in_vm, id=5248, stack(0x0000000002740000,0x0000000002840000)]

Stack: [0x0000000002740000,0x0000000002840000]
[error occurred during error reporting (printing stack bounds), id 0xc0000005]

Native frames: (J=compiled Java code, j=interpreted, Vv=VM code, C=native code)


---------------  P R O C E S S  ---------------

Java Threads: ( => current thread )

Other Threads:

=>0x0000000002942800 (exited) JavaThread "Unknown thread" [_thread_in_vm, id=5248, stack(0x0000000002740000,0x0000000002840000)]

VM state:not at safepoint (normal execution)

VM Mutex/Monitor currently owned by a thread: None

heap address: 0x00000006c1400000, size: 4076 MB, Compressed Oops mode: Zero based, Oop shift amount: 3
Narrow klass base: 0x0000000000000000, Narrow klass shift: 3
Compressed class space size: 1073741824 Address: 0x00000007c0000000

Heap:
 PSYoungGen      total 76288K, used 1310K [0x000000076b180000, 0x0000000770680000, 0x00000007c0000000)
  eden space 65536K, 2% used [0x000000076b180000,0x000000076b2c7af0,0x000000076f180000)
  from space 10752K, 0% used [0x000000076fc00000,0x000000076fc00000,0x0000000770680000)
  to   space 10752K, 0% used [0x000000076f180000,0x000000076f180000,0x000000076fc00000)
 ParOldGen       total 175104K, used 0K [0x00000006c1400000, 0x00000006cbf00000, 0x000000076b180000)
  object space 175104K, 0% used [0x00000006c1400000,0x00000006c1400000,0x00000006cbf00000)
 Metaspace       used 775K, capacity 4480K, committed 4480K, reserved 1056768K
  class space    used 76K, capacity 384K, committed 384K, reserved 1048576K

Card table byte_map: [0x0000000011e00000,0x0000000012600000] byte_map_base: 0x000000000e7f6000

Marking Bits: (ParMarkBitMap*) 0x0000000065ca5ce0
 Begin Bits: [0x0000000012f50000, 0x0000000016f00000)
 End Bits:   [0x0000000016f00000, 0x000000001aeb0000)

Polling page: 0x0000000000740000

CodeCache: size=245760Kb used=328Kb max_used=328Kb free=245431Kb
 bounds [0x0000000002a40000, 0x0000000002cb0000, 0x0000000011a40000]
 total_blobs=58 nmethods=0 adapters=38
 compilation: enabled

Compilation events (0 events):
No events

GC Heap History (0 events):
No events

Deoptimization events (0 events):
No events

Classes redefined (0 events):
No events

Internal exceptions (0 events):
No events

Events (10 events):
Event: 0.043 loading class java/lang/Short
Event: 0.043 loading class java/lang/Short done
Event: 0.043 loading class java/lang/Integer
Event: 0.043 loading class java/lang/Integer done
Event: 0.043 loading class java/lang/Long
Event: 0.043 loading class java/lang/Long done
Event: 0.044 loading class java/lang/NullPointerException
Event: 0.044 loading class java/lang/NullPointerException done
Event: 0.044 loading class java/lang/ArithmeticException
Event: 0.044 loading class java/lang/ArithmeticException done


Dynamic libraries:
0x00007ff6de200000 - 0x00007ff6de237000 	C:\Program Files\Java\jdk1.8.0_211\jre\bin\java.exe
0x00007ff80c560000 - 0x00007ff80c741000 	C:\WINDOWS\SYSTEM32\ntdll.dll
0x00007ff80b770000 - 0x00007ff80b821000 	C:\WINDOWS\System32\KERNEL32.DLL
0x00007ff808bf0000 - 0x00007ff808e63000 	C:\WINDOWS\System32\KERNELBASE.dll
0x00007ff8099f0000 - 0x00007ff809a91000 	C:\WINDOWS\System32\ADVAPI32.dll
0x00007ff80c100000 - 0x00007ff80c19e000 	C:\WINDOWS\System32\msvcrt.dll
0x00007ff809e60000 - 0x00007ff809ebb000 	C:\WINDOWS\System32\sechost.dll
0x00007ff809ec0000 - 0x00007ff809fe4000 	C:\WINDOWS\System32\RPCRT4.dll
0x00007ff809ad0000 - 0x00007ff809c60000 	C:\WINDOWS\System32\USER32.dll
0x00007ff808b20000 - 0x00007ff808b40000 	C:\WINDOWS\System32\win32u.dll
0x00007ff80c1a0000 - 0x00007ff80c1c8000 	C:\WINDOWS\System32\GDI32.dll
0x00007ff808930000 - 0x00007ff808ac1000 	C:\WINDOWS\System32\gdi32full.dll
0x00007ff809770000 - 0x00007ff80980f000 	C:\WINDOWS\System32\msvcp_win.dll
0x00007ff809810000 - 0x00007ff809908000 	C:\WINDOWS\System32\ucrtbase.dll
0x00007ffff6f90000 - 0x00007ffff71f9000 	C:\WINDOWS\WinSxS\amd64_microsoft.windows.common-controls_6595b64144ccf1df_6.0.17134.829_none_fb46a5473061b9d5\COMCTL32.dll
0x00007ff80b830000 - 0x00007ff80bb52000 	C:\WINDOWS\System32\combase.dll
0x00007ff809910000 - 0x00007ff80998a000 	C:\WINDOWS\System32\bcryptPrimitives.dll
0x00007ff80c470000 - 0x00007ff80c49d000 	C:\WINDOWS\System32\IMM32.DLL
0x0000000065d30000 - 0x0000000065e02000 	C:\Program Files\Java\jdk1.8.0_211\jre\bin\msvcr100.dll
0x0000000065480000 - 0x0000000065d25000 	C:\Program Files\Java\jdk1.8.0_211\jre\bin\server\jvm.dll
0x00007ff80c520000 - 0x00007ff80c528000 	C:\WINDOWS\System32\PSAPI.DLL
0x00007fffb1ba0000 - 0x00007fffb1ba9000 	C:\WINDOWS\SYSTEM32\WSOCK32.dll
0x00007ff8056d0000 - 0x00007ff8056f3000 	C:\WINDOWS\SYSTEM32\WINMM.dll
0x00007ff809ff0000 - 0x00007ff80a05c000 	C:\WINDOWS\System32\WS2_32.dll
0x00007ffff7570000 - 0x00007ffff757a000 	C:\WINDOWS\SYSTEM32\VERSION.dll
0x00007ff8056a0000 - 0x00007ff8056ca000 	C:\WINDOWS\SYSTEM32\WINMMBASE.dll
0x00007ff808ad0000 - 0x00007ff808b19000 	C:\WINDOWS\System32\cfgmgr32.dll
0x00007ff805670000 - 0x00007ff80567f000 	C:\Program Files\Java\jdk1.8.0_211\jre\bin\verify.dll
0x00007ff805640000 - 0x00007ff805669000 	C:\Program Files\Java\jdk1.8.0_211\jre\bin\java.dll
0x00007ffff6590000 - 0x00007ffff65b3000 	C:\Program Files\Java\jdk1.8.0_211\jre\bin\instrument.dll
0x00007ff805620000 - 0x00007ff805636000 	C:\Program Files\Java\jdk1.8.0_211\jre\bin\zip.dll

VM Arguments:
jvm_args: -javaagent:C:\\Users\\jeans\\.m2\\repository\\org\\jacoco\\org.jacoco.agent\\0.8.4\\org.jacoco.agent-0.8.4-runtime.jar=destfile=D:\\Desktop\\demo-maven\\target\\jacoco.exec 
java_command: C:\Users\jeans\AppData\Local\Temp\surefire8531880233258713316\surefirebooter2286511489608775401.jar C:\Users\jeans\AppData\Local\Temp\surefire8531880233258713316 2019-06-14T01-43-53_306-jvmRun1 surefire6412577930220624358tmp surefire_08282829271043109760tmp
java_class_path (initial): C:\Users\jeans\AppData\Local\Temp\surefire8531880233258713316\surefirebooter2286511489608775401.jar;C:\\Users\\jeans\\.m2\\repository\\org\\jacoco\\org.jacoco.agent\\0.8.4\\org.jacoco.agent-0.8.4-runtime.jar
Launcher Type: SUN_STANDARD

Environment Variables:
JAVA_HOME=C:\Program Files\Java\jdk1.8.0_211
PATH=C:\ProgramData\DockerDesktop\version-bin;C:\Program Files\Docker\Docker\Resources\bin;C:\Program Files (x86)\Common Files\Oracle\Java\javapath;C:\WINDOWS\system32;C:\WINDOWS;C:\WINDOWS\System32\Wbem;C:\WINDOWS\System32\WindowsPowerShell\v1.0\;C:\Program Files\Git\cmd;C:\Program Files\MongoDB\Server\3.6\bin;C:\WINDOWS\System32\OpenSSH\;C:\PostgreSQL\pg10\bin;C:\Program Files\dotnet\;C:\Program Files\apache-maven-3.6.0\bin;C:\Program Files\Microsoft SQL Server\Client SDK\ODBC\170\Tools\Binn\;C:\Program Files\Microsoft SQL Server\130\Tools\Binn\;%JAVA_HOME\BIN%;C:\Users\jeans\AppData\Local\Programs\Python\Python37-32\Scripts\;C:\Users\jeans\AppData\Local\Programs\Python\Python37-32\;C:\Users\jeans\AppData\Local\Microsoft\WindowsApps;;C:\Program Files\Microsoft VS Code\bin;C:\Users\jeans\AppData\Local\Programs\Microsoft VS Code\bin;C:\Users\jeans\.dotnet\tools
USERNAME=jeans
OS=Windows_NT
PROCESSOR_IDENTIFIER=Intel64 Family 6 Model 61 Stepping 4, GenuineIntel



---------------  S Y S T E M  ---------------

OS: Windows 10.0 , 64 bit Build 17134 (10.0.17134.753)

CPU:total 4 (initial active 4) (2 cores per cpu, 2 threads per core) family 6 model 61 stepping 4, cmov, cx8, fxsr, mmx, sse, sse2, sse3, ssse3, sse4.1, sse4.2, popcnt, avx, avx2, aes, clmul, erms, 3dnowpref, lzcnt, ht, tsc, tscinvbit, bmi1, bmi2, adx

Memory: 4k page, physical 16689624k(1380928k free), swap 16689624k(5880k free)

vm_info: Java HotSpot(TM) 64-Bit Server VM (25.211-b12) for windows-amd64 JRE (1.8.0_211-b12), built on Apr  1 2019 20:53:26 by "java_re" with MS VC++ 10.0 (VS2010)

time: Fri Jun 14 01:43:54 2019
timezone: E. South America Standard Time
elapsed time: 0 seconds (0d 0h 0m 0s)

